2026-02-16 12:08:55,523 [main] INFO  e.c.navidad25_rest.Navidad25RestApplication - Starting Navidad25RestApplication using Java 21.0.9 with PID 11376 (C:\Users\Alumno\Desktop\DAM 2.2\AADD\navidad25_rest\target\classes started by Alumno in C:\Users\Alumno\Desktop\DAM 2.2\AADD\navidad25_rest)
2026-02-16 12:08:55,528 [main] DEBUG e.c.navidad25_rest.Navidad25RestApplication - Running with Spring Boot v4.0.2, Spring v7.0.3
2026-02-16 12:08:55,529 [main] INFO  e.c.navidad25_rest.Navidad25RestApplication - No active profile set, falling back to 1 default profile: "default"
2026-02-16 12:08:56,261 [main] INFO  o.s.d.r.config.RepositoryConfigurationDelegate - Bootstrapping Spring Data JPA repositories in DEFAULT mode.
2026-02-16 12:08:56,328 [main] INFO  o.s.d.r.config.RepositoryConfigurationDelegate - Finished Spring Data repository scanning in 53 ms. Found 2 JPA repository interfaces.
2026-02-16 12:08:56,807 [main] INFO  org.springframework.boot.tomcat.TomcatWebServer - Tomcat initialized with port 8080 (http)
2026-02-16 12:08:56,818 [main] INFO  org.apache.coyote.http11.Http11NioProtocol - Initializing ProtocolHandler ["http-nio-8080"]
2026-02-16 12:08:56,822 [main] INFO  org.apache.catalina.core.StandardService - Starting service [Tomcat]
2026-02-16 12:08:56,823 [main] INFO  org.apache.catalina.core.StandardEngine  - Starting Servlet engine: [Apache Tomcat/11.0.15]
2026-02-16 12:08:56,941 [main] INFO  o.s.b.w.c.servlet.WebApplicationContextInitializer - Root WebApplicationContext: initialization completed in 1345 ms
2026-02-16 12:08:57,013 [main] WARN  o.s.b.w.s.s.c.AnnotationConfigServletWebServerApplicationContext - Exception encountered during context initialization - cancelling refresh attempt: org.springframework.beans.factory.BeanCreationException: Error creating bean with name 'entityManagerFactory' defined in class path resource [org/springframework/boot/hibernate/autoconfigure/HibernateJpaConfiguration.class]: Failed to initialize dependency 'dataSourceScriptDatabaseInitializer' of LoadTimeWeaverAware bean 'entityManagerFactory': Error creating bean with name 'dataSourceScriptDatabaseInitializer' defined in class path resource [org/springframework/boot/jdbc/autoconfigure/DataSourceInitializationAutoConfiguration.class]: Unsatisfied dependency expressed through method 'dataSourceScriptDatabaseInitializer' parameter 0: Error creating bean with name 'dataSource' defined in class path resource [org/springframework/boot/jdbc/autoconfigure/DataSourceConfiguration$Hikari.class]: Failed to instantiate [com.zaxxer.hikari.HikariDataSource]: Factory method 'dataSource' threw exception with message: Failed to determine a suitable driver class
2026-02-16 12:08:57,018 [main] INFO  org.apache.catalina.core.StandardService - Stopping service [Tomcat]
2026-02-16 12:08:57,045 [main] INFO  o.s.b.a.logging.ConditionEvaluationReportLogger - 

Error starting ApplicationContext. To display the condition evaluation report re-run your application with 'debug' enabled.
2026-02-16 12:08:57,074 [main] ERROR o.s.b.diagnostics.LoggingFailureAnalysisReporter - 

***************************
APPLICATION FAILED TO START
***************************

Description:

Failed to configure a DataSource: 'url' attribute is not specified and no embedded datasource could be configured.

Reason: Failed to determine a suitable driver class


Action:

Consider the following:
	If you want an embedded database (H2, HSQL or Derby), please put it on the classpath.
	If you have database settings to be loaded from a particular profile you may need to activate it (no profiles are currently active).

2026-02-16 12:09:11,799 [main] INFO  e.c.navidad25_rest.Navidad25RestApplication - Starting Navidad25RestApplication using Java 21.0.9 with PID 10508 (C:\Users\Alumno\Desktop\DAM 2.2\AADD\navidad25_rest\target\classes started by Alumno in C:\Users\Alumno\Desktop\DAM 2.2\AADD\navidad25_rest)
2026-02-16 12:09:11,804 [main] DEBUG e.c.navidad25_rest.Navidad25RestApplication - Running with Spring Boot v4.0.2, Spring v7.0.3
2026-02-16 12:09:11,805 [main] INFO  e.c.navidad25_rest.Navidad25RestApplication - No active profile set, falling back to 1 default profile: "default"
2026-02-16 12:09:12,465 [main] INFO  o.s.d.r.config.RepositoryConfigurationDelegate - Bootstrapping Spring Data JPA repositories in DEFAULT mode.
2026-02-16 12:09:12,545 [main] INFO  o.s.d.r.config.RepositoryConfigurationDelegate - Finished Spring Data repository scanning in 67 ms. Found 2 JPA repository interfaces.
2026-02-16 12:09:13,012 [main] INFO  org.springframework.boot.tomcat.TomcatWebServer - Tomcat initialized with port 8080 (http)
2026-02-16 12:09:13,023 [main] INFO  org.apache.coyote.http11.Http11NioProtocol - Initializing ProtocolHandler ["http-nio-8080"]
2026-02-16 12:09:13,026 [main] INFO  org.apache.catalina.core.StandardService - Starting service [Tomcat]
2026-02-16 12:09:13,027 [main] INFO  org.apache.catalina.core.StandardEngine  - Starting Servlet engine: [Apache Tomcat/11.0.15]
2026-02-16 12:09:13,090 [main] INFO  o.s.b.w.c.servlet.WebApplicationContextInitializer - Root WebApplicationContext: initialization completed in 1226 ms
2026-02-16 12:09:13,169 [main] WARN  o.s.b.w.s.s.c.AnnotationConfigServletWebServerApplicationContext - Exception encountered during context initialization - cancelling refresh attempt: org.springframework.beans.factory.BeanCreationException: Error creating bean with name 'entityManagerFactory' defined in class path resource [org/springframework/boot/hibernate/autoconfigure/HibernateJpaConfiguration.class]: Failed to initialize dependency 'dataSourceScriptDatabaseInitializer' of LoadTimeWeaverAware bean 'entityManagerFactory': Error creating bean with name 'dataSourceScriptDatabaseInitializer' defined in class path resource [org/springframework/boot/jdbc/autoconfigure/DataSourceInitializationAutoConfiguration.class]: Unsatisfied dependency expressed through method 'dataSourceScriptDatabaseInitializer' parameter 0: Error creating bean with name 'dataSource' defined in class path resource [org/springframework/boot/jdbc/autoconfigure/DataSourceConfiguration$Hikari.class]: Failed to instantiate [com.zaxxer.hikari.HikariDataSource]: Factory method 'dataSource' threw exception with message: Failed to determine a suitable driver class
2026-02-16 12:09:13,173 [main] INFO  org.apache.catalina.core.StandardService - Stopping service [Tomcat]
2026-02-16 12:09:13,190 [main] INFO  o.s.b.a.logging.ConditionEvaluationReportLogger - 

Error starting ApplicationContext. To display the condition evaluation report re-run your application with 'debug' enabled.
2026-02-16 12:09:13,206 [main] ERROR o.s.b.diagnostics.LoggingFailureAnalysisReporter - 

***************************
APPLICATION FAILED TO START
***************************

Description:

Failed to configure a DataSource: 'url' attribute is not specified and no embedded datasource could be configured.

Reason: Failed to determine a suitable driver class


Action:

Consider the following:
	If you want an embedded database (H2, HSQL or Derby), please put it on the classpath.
	If you have database settings to be loaded from a particular profile you may need to activate it (no profiles are currently active).

2026-02-16 12:14:13,301 [main] INFO  e.c.navidad25_rest.Navidad25RestApplication - Starting Navidad25RestApplication using Java 21.0.9 with PID 7768 (C:\Users\Alumno\Desktop\DAM 2.2\AADD\navidad25_rest\target\classes started by Alumno in C:\Users\Alumno\Desktop\DAM 2.2\AADD\navidad25_rest)
2026-02-16 12:14:13,307 [main] DEBUG e.c.navidad25_rest.Navidad25RestApplication - Running with Spring Boot v4.0.2, Spring v7.0.3
2026-02-16 12:14:13,309 [main] INFO  e.c.navidad25_rest.Navidad25RestApplication - No active profile set, falling back to 1 default profile: "default"
2026-02-16 12:14:13,933 [main] INFO  o.s.d.r.config.RepositoryConfigurationDelegate - Bootstrapping Spring Data JPA repositories in DEFAULT mode.
2026-02-16 12:14:13,998 [main] INFO  o.s.d.r.config.RepositoryConfigurationDelegate - Finished Spring Data repository scanning in 54 ms. Found 2 JPA repository interfaces.
2026-02-16 12:14:14,464 [main] INFO  org.springframework.boot.tomcat.TomcatWebServer - Tomcat initialized with port 8080 (http)
2026-02-16 12:14:14,477 [main] INFO  org.apache.coyote.http11.Http11NioProtocol - Initializing ProtocolHandler ["http-nio-8080"]
2026-02-16 12:14:14,480 [main] INFO  org.apache.catalina.core.StandardService - Starting service [Tomcat]
2026-02-16 12:14:14,480 [main] INFO  org.apache.catalina.core.StandardEngine  - Starting Servlet engine: [Apache Tomcat/11.0.15]
2026-02-16 12:14:14,537 [main] INFO  o.s.b.w.c.servlet.WebApplicationContextInitializer - Root WebApplicationContext: initialization completed in 1167 ms
2026-02-16 12:14:14,618 [main] WARN  o.s.b.w.s.s.c.AnnotationConfigServletWebServerApplicationContext - Exception encountered during context initialization - cancelling refresh attempt: org.springframework.beans.factory.BeanCreationException: Error creating bean with name 'entityManagerFactory' defined in class path resource [org/springframework/boot/hibernate/autoconfigure/HibernateJpaConfiguration.class]: Failed to initialize dependency 'dataSourceScriptDatabaseInitializer' of LoadTimeWeaverAware bean 'entityManagerFactory': Error creating bean with name 'dataSourceScriptDatabaseInitializer' defined in class path resource [org/springframework/boot/jdbc/autoconfigure/DataSourceInitializationAutoConfiguration.class]: Unsatisfied dependency expressed through method 'dataSourceScriptDatabaseInitializer' parameter 0: Error creating bean with name 'dataSource' defined in class path resource [org/springframework/boot/jdbc/autoconfigure/DataSourceConfiguration$Hikari.class]: Failed to instantiate [com.zaxxer.hikari.HikariDataSource]: Factory method 'dataSource' threw exception with message: Failed to determine a suitable driver class
2026-02-16 12:14:14,621 [main] INFO  org.apache.catalina.core.StandardService - Stopping service [Tomcat]
2026-02-16 12:14:14,638 [main] INFO  o.s.b.a.logging.ConditionEvaluationReportLogger - 

Error starting ApplicationContext. To display the condition evaluation report re-run your application with 'debug' enabled.
2026-02-16 12:14:14,656 [main] ERROR o.s.b.diagnostics.LoggingFailureAnalysisReporter - 

***************************
APPLICATION FAILED TO START
***************************

Description:

Failed to configure a DataSource: 'url' attribute is not specified and no embedded datasource could be configured.

Reason: Failed to determine a suitable driver class


Action:

Consider the following:
	If you want an embedded database (H2, HSQL or Derby), please put it on the classpath.
	If you have database settings to be loaded from a particular profile you may need to activate it (no profiles are currently active).

2026-02-16 12:15:08,064 [main] INFO  e.c.navidad25_rest.Navidad25RestApplication - Starting Navidad25RestApplication using Java 21.0.9 with PID 9384 (C:\Users\Alumno\Desktop\DAM 2.2\AADD\navidad25_rest\target\classes started by Alumno in C:\Users\Alumno\Desktop\DAM 2.2\AADD\navidad25_rest)
2026-02-16 12:15:08,069 [main] DEBUG e.c.navidad25_rest.Navidad25RestApplication - Running with Spring Boot v4.0.2, Spring v7.0.3
2026-02-16 12:15:08,070 [main] INFO  e.c.navidad25_rest.Navidad25RestApplication - No active profile set, falling back to 1 default profile: "default"
2026-02-16 12:15:08,720 [main] INFO  o.s.d.r.config.RepositoryConfigurationDelegate - Bootstrapping Spring Data JPA repositories in DEFAULT mode.
2026-02-16 12:15:08,778 [main] INFO  o.s.d.r.config.RepositoryConfigurationDelegate - Finished Spring Data repository scanning in 48 ms. Found 2 JPA repository interfaces.
2026-02-16 12:15:09,208 [main] INFO  org.springframework.boot.tomcat.TomcatWebServer - Tomcat initialized with port 8080 (http)
2026-02-16 12:15:09,218 [main] INFO  org.apache.coyote.http11.Http11NioProtocol - Initializing ProtocolHandler ["http-nio-8080"]
2026-02-16 12:15:09,221 [main] INFO  org.apache.catalina.core.StandardService - Starting service [Tomcat]
2026-02-16 12:15:09,222 [main] INFO  org.apache.catalina.core.StandardEngine  - Starting Servlet engine: [Apache Tomcat/11.0.15]
2026-02-16 12:15:09,277 [main] INFO  o.s.b.w.c.servlet.WebApplicationContextInitializer - Root WebApplicationContext: initialization completed in 1149 ms
2026-02-16 12:15:09,357 [main] WARN  o.s.b.w.s.s.c.AnnotationConfigServletWebServerApplicationContext - Exception encountered during context initialization - cancelling refresh attempt: org.springframework.beans.factory.BeanCreationException: Error creating bean with name 'entityManagerFactory' defined in class path resource [org/springframework/boot/hibernate/autoconfigure/HibernateJpaConfiguration.class]: Failed to initialize dependency 'dataSourceScriptDatabaseInitializer' of LoadTimeWeaverAware bean 'entityManagerFactory': Error creating bean with name 'dataSourceScriptDatabaseInitializer' defined in class path resource [org/springframework/boot/jdbc/autoconfigure/DataSourceInitializationAutoConfiguration.class]: Unsatisfied dependency expressed through method 'dataSourceScriptDatabaseInitializer' parameter 0: Error creating bean with name 'dataSource' defined in class path resource [org/springframework/boot/jdbc/autoconfigure/DataSourceConfiguration$Hikari.class]: Failed to instantiate [com.zaxxer.hikari.HikariDataSource]: Factory method 'dataSource' threw exception with message: Failed to determine a suitable driver class
2026-02-16 12:15:09,360 [main] INFO  org.apache.catalina.core.StandardService - Stopping service [Tomcat]
2026-02-16 12:15:09,373 [main] INFO  o.s.b.a.logging.ConditionEvaluationReportLogger - 

Error starting ApplicationContext. To display the condition evaluation report re-run your application with 'debug' enabled.
2026-02-16 12:15:09,394 [main] ERROR o.s.b.diagnostics.LoggingFailureAnalysisReporter - 

***************************
APPLICATION FAILED TO START
***************************

Description:

Failed to configure a DataSource: 'url' attribute is not specified and no embedded datasource could be configured.

Reason: Failed to determine a suitable driver class


Action:

Consider the following:
	If you want an embedded database (H2, HSQL or Derby), please put it on the classpath.
	If you have database settings to be loaded from a particular profile you may need to activate it (no profiles are currently active).

2026-02-16 12:16:31,481 [main] INFO  e.c.navidad25_rest.Navidad25RestApplication - Starting Navidad25RestApplication using Java 21.0.9 with PID 1304 (C:\Users\Alumno\Desktop\DAM 2.2\AADD\navidad25_rest\target\classes started by Alumno in C:\Users\Alumno\Desktop\DAM 2.2\AADD\navidad25_rest)
2026-02-16 12:16:31,486 [main] DEBUG e.c.navidad25_rest.Navidad25RestApplication - Running with Spring Boot v4.0.2, Spring v7.0.3
2026-02-16 12:16:31,487 [main] INFO  e.c.navidad25_rest.Navidad25RestApplication - No active profile set, falling back to 1 default profile: "default"
2026-02-16 12:16:32,085 [main] INFO  o.s.d.r.config.RepositoryConfigurationDelegate - Bootstrapping Spring Data JPA repositories in DEFAULT mode.
2026-02-16 12:16:32,151 [main] INFO  o.s.d.r.config.RepositoryConfigurationDelegate - Finished Spring Data repository scanning in 56 ms. Found 2 JPA repository interfaces.
2026-02-16 12:16:32,614 [main] INFO  org.springframework.boot.tomcat.TomcatWebServer - Tomcat initialized with port 8080 (http)
2026-02-16 12:16:32,627 [main] INFO  org.apache.coyote.http11.Http11NioProtocol - Initializing ProtocolHandler ["http-nio-8080"]
2026-02-16 12:16:32,632 [main] INFO  org.apache.catalina.core.StandardService - Starting service [Tomcat]
2026-02-16 12:16:32,633 [main] INFO  org.apache.catalina.core.StandardEngine  - Starting Servlet engine: [Apache Tomcat/11.0.15]
2026-02-16 12:16:32,698 [main] INFO  o.s.b.w.c.servlet.WebApplicationContextInitializer - Root WebApplicationContext: initialization completed in 1155 ms
2026-02-16 12:16:32,781 [main] WARN  o.s.b.w.s.s.c.AnnotationConfigServletWebServerApplicationContext - Exception encountered during context initialization - cancelling refresh attempt: org.springframework.beans.factory.BeanCreationException: Error creating bean with name 'entityManagerFactory' defined in class path resource [org/springframework/boot/hibernate/autoconfigure/HibernateJpaConfiguration.class]: Failed to initialize dependency 'dataSourceScriptDatabaseInitializer' of LoadTimeWeaverAware bean 'entityManagerFactory': Error creating bean with name 'dataSourceScriptDatabaseInitializer' defined in class path resource [org/springframework/boot/jdbc/autoconfigure/DataSourceInitializationAutoConfiguration.class]: Unsatisfied dependency expressed through method 'dataSourceScriptDatabaseInitializer' parameter 0: Error creating bean with name 'dataSource' defined in class path resource [org/springframework/boot/jdbc/autoconfigure/DataSourceConfiguration$Hikari.class]: Failed to instantiate [com.zaxxer.hikari.HikariDataSource]: Factory method 'dataSource' threw exception with message: Failed to determine a suitable driver class
2026-02-16 12:16:32,786 [main] INFO  org.apache.catalina.core.StandardService - Stopping service [Tomcat]
2026-02-16 12:16:32,803 [main] INFO  o.s.b.a.logging.ConditionEvaluationReportLogger - 

Error starting ApplicationContext. To display the condition evaluation report re-run your application with 'debug' enabled.
2026-02-16 12:16:32,817 [main] ERROR o.s.b.diagnostics.LoggingFailureAnalysisReporter - 

***************************
APPLICATION FAILED TO START
***************************

Description:

Failed to configure a DataSource: 'url' attribute is not specified and no embedded datasource could be configured.

Reason: Failed to determine a suitable driver class


Action:

Consider the following:
	If you want an embedded database (H2, HSQL or Derby), please put it on the classpath.
	If you have database settings to be loaded from a particular profile you may need to activate it (no profiles are currently active).

2026-02-16 12:16:40,730 [main] INFO  e.c.navidad25_rest.Navidad25RestApplication - Starting Navidad25RestApplication using Java 21.0.9 with PID 8368 (C:\Users\Alumno\Desktop\DAM 2.2\AADD\navidad25_rest\target\classes started by Alumno in C:\Users\Alumno\Desktop\DAM 2.2\AADD\navidad25_rest)
2026-02-16 12:16:40,737 [main] DEBUG e.c.navidad25_rest.Navidad25RestApplication - Running with Spring Boot v4.0.2, Spring v7.0.3
2026-02-16 12:16:40,739 [main] INFO  e.c.navidad25_rest.Navidad25RestApplication - No active profile set, falling back to 1 default profile: "default"
2026-02-16 12:16:41,373 [main] INFO  o.s.d.r.config.RepositoryConfigurationDelegate - Bootstrapping Spring Data JPA repositories in DEFAULT mode.
2026-02-16 12:16:41,443 [main] INFO  o.s.d.r.config.RepositoryConfigurationDelegate - Finished Spring Data repository scanning in 59 ms. Found 2 JPA repository interfaces.
2026-02-16 12:16:41,888 [main] INFO  org.springframework.boot.tomcat.TomcatWebServer - Tomcat initialized with port 8080 (http)
2026-02-16 12:16:41,901 [main] INFO  org.apache.coyote.http11.Http11NioProtocol - Initializing ProtocolHandler ["http-nio-8080"]
2026-02-16 12:16:41,903 [main] INFO  org.apache.catalina.core.StandardService - Starting service [Tomcat]
2026-02-16 12:16:41,904 [main] INFO  org.apache.catalina.core.StandardEngine  - Starting Servlet engine: [Apache Tomcat/11.0.15]
2026-02-16 12:16:41,961 [main] INFO  o.s.b.w.c.servlet.WebApplicationContextInitializer - Root WebApplicationContext: initialization completed in 1147 ms
2026-02-16 12:16:42,036 [main] WARN  o.s.b.w.s.s.c.AnnotationConfigServletWebServerApplicationContext - Exception encountered during context initialization - cancelling refresh attempt: org.springframework.beans.factory.BeanCreationException: Error creating bean with name 'entityManagerFactory' defined in class path resource [org/springframework/boot/hibernate/autoconfigure/HibernateJpaConfiguration.class]: Failed to initialize dependency 'dataSourceScriptDatabaseInitializer' of LoadTimeWeaverAware bean 'entityManagerFactory': Error creating bean with name 'dataSourceScriptDatabaseInitializer' defined in class path resource [org/springframework/boot/jdbc/autoconfigure/DataSourceInitializationAutoConfiguration.class]: Unsatisfied dependency expressed through method 'dataSourceScriptDatabaseInitializer' parameter 0: Error creating bean with name 'dataSource' defined in class path resource [org/springframework/boot/jdbc/autoconfigure/DataSourceConfiguration$Hikari.class]: Failed to instantiate [com.zaxxer.hikari.HikariDataSource]: Factory method 'dataSource' threw exception with message: Failed to determine a suitable driver class
2026-02-16 12:16:42,039 [main] INFO  org.apache.catalina.core.StandardService - Stopping service [Tomcat]
2026-02-16 12:16:42,050 [main] INFO  o.s.b.a.logging.ConditionEvaluationReportLogger - 

Error starting ApplicationContext. To display the condition evaluation report re-run your application with 'debug' enabled.
2026-02-16 12:16:42,071 [main] ERROR o.s.b.diagnostics.LoggingFailureAnalysisReporter - 

***************************
APPLICATION FAILED TO START
***************************

Description:

Failed to configure a DataSource: 'url' attribute is not specified and no embedded datasource could be configured.

Reason: Failed to determine a suitable driver class


Action:

Consider the following:
	If you want an embedded database (H2, HSQL or Derby), please put it on the classpath.
	If you have database settings to be loaded from a particular profile you may need to activate it (no profiles are currently active).

2026-02-16 12:18:49,836 [main] INFO  e.c.navidad25_rest.Navidad25RestApplication - Starting Navidad25RestApplication using Java 21.0.9 with PID 8960 (C:\Users\Alumno\Desktop\DAM 2.2\AADD\navidad25_rest\target\classes started by Alumno in C:\Users\Alumno\Desktop\DAM 2.2\AADD\navidad25_rest)
2026-02-16 12:18:49,841 [main] DEBUG e.c.navidad25_rest.Navidad25RestApplication - Running with Spring Boot v4.0.2, Spring v7.0.3
2026-02-16 12:18:49,843 [main] INFO  e.c.navidad25_rest.Navidad25RestApplication - No active profile set, falling back to 1 default profile: "default"
2026-02-16 12:18:50,431 [main] INFO  o.s.d.r.config.RepositoryConfigurationDelegate - Bootstrapping Spring Data JPA repositories in DEFAULT mode.
2026-02-16 12:18:50,503 [main] INFO  o.s.d.r.config.RepositoryConfigurationDelegate - Finished Spring Data repository scanning in 60 ms. Found 2 JPA repository interfaces.
2026-02-16 12:18:50,989 [main] INFO  org.springframework.boot.tomcat.TomcatWebServer - Tomcat initialized with port 8080 (http)
2026-02-16 12:18:51,011 [main] INFO  org.apache.coyote.http11.Http11NioProtocol - Initializing ProtocolHandler ["http-nio-8080"]
2026-02-16 12:18:51,017 [main] INFO  org.apache.catalina.core.StandardService - Starting service [Tomcat]
2026-02-16 12:18:51,018 [main] INFO  org.apache.catalina.core.StandardEngine  - Starting Servlet engine: [Apache Tomcat/11.0.15]
2026-02-16 12:18:51,115 [main] INFO  o.s.b.w.c.servlet.WebApplicationContextInitializer - Root WebApplicationContext: initialization completed in 1216 ms
2026-02-16 12:18:51,293 [main] INFO  org.hibernate.orm.jpa                    - HHH008540: Processing PersistenceUnitInfo [name: default]
2026-02-16 12:18:51,351 [main] INFO  org.hibernate.orm.core                   - HHH000001: Hibernate ORM core version 7.2.1.Final
2026-02-16 12:18:51,815 [main] INFO  o.s.o.j.persistenceunit.SpringPersistenceUnitInfo - No LoadTimeWeaver setup: ignoring JPA class transformer
2026-02-16 12:18:51,855 [main] INFO  com.zaxxer.hikari.HikariDataSource       - HikariPool-1 - Starting...
2026-02-16 12:18:51,984 [main] INFO  com.zaxxer.hikari.pool.HikariPool        - HikariPool-1 - Added connection org.mariadb.jdbc.Connection@6eaf030c
2026-02-16 12:18:51,986 [main] INFO  com.zaxxer.hikari.HikariDataSource       - HikariPool-1 - Start completed.
2026-02-16 12:18:52,037 [main] INFO  org.hibernate.orm.connections.pooling    - HHH10001005: Database info:
	Database JDBC URL [jdbc:mariadb://localhost:3307/navidad25?user=root]
	Database driver: MariaDB Connector/J
	Database dialect: MariaDBDialect
	Database version: 12.1.2
	Default catalog/schema: navidad25/undefined
	Autocommit mode: undefined/unknown
	Isolation level: REPEATABLE_READ [default REPEATABLE_READ]
	JDBC fetch size: none
	Pool: DataSourceConnectionProvider
	Minimum pool size: undefined/unknown
	Maximum pool size: undefined/unknown
2026-02-16 12:18:52,777 [main] INFO  org.hibernate.orm.core                   - HHH000489: No JTA platform available (set 'hibernate.transaction.jta.platform' to enable JTA platform integration)
2026-02-16 12:18:52,783 [main] INFO  o.s.orm.jpa.LocalContainerEntityManagerFactoryBean - Initialized JPA EntityManagerFactory for persistence unit 'default'
2026-02-16 12:18:52,871 [main] INFO  o.s.d.jpa.repository.query.QueryEnhancerFactories - Hibernate is in classpath; If applicable, HQL parser will be used.
2026-02-16 12:18:53,562 [main] WARN  o.s.b.j.a.JpaBaseConfiguration$JpaWebConfiguration - spring.jpa.open-in-view is enabled by default. Therefore, database queries may be performed during view rendering. Explicitly configure spring.jpa.open-in-view to disable this warning
2026-02-16 12:18:53,846 [main] INFO  org.apache.coyote.http11.Http11NioProtocol - Starting ProtocolHandler ["http-nio-8080"]
2026-02-16 12:18:53,866 [main] INFO  org.springframework.boot.tomcat.TomcatWebServer - Tomcat started on port 8080 (http) with context path '/'
2026-02-16 12:18:53,875 [main] INFO  e.c.navidad25_rest.Navidad25RestApplication - Started Navidad25RestApplication in 4.405 seconds (process running for 4.948)
2026-02-16 12:19:52,077 [http-nio-8080-exec-1] INFO  o.a.c.core.ContainerBase.[Tomcat].[localhost].[/] - Initializing Spring DispatcherServlet 'dispatcherServlet'
2026-02-16 12:19:52,078 [http-nio-8080-exec-1] INFO  org.springframework.web.servlet.DispatcherServlet - Initializing Servlet 'dispatcherServlet'
2026-02-16 12:19:52,081 [http-nio-8080-exec-1] INFO  org.springframework.web.servlet.DispatcherServlet - Completed initialization in 3 ms
2026-02-16 12:19:52,123 [http-nio-8080-exec-1] WARN  o.s.w.s.m.support.DefaultHandlerExceptionResolver - Resolved [org.springframework.web.bind.MissingServletRequestParameterException: Required request parameter 'param' for method parameter type String is not present]
2026-02-16 12:22:13,650 [main] INFO  e.c.navidad25_rest.Navidad25RestApplication - Starting Navidad25RestApplication using Java 21.0.9 with PID 8176 (C:\Users\Alumno\Desktop\DAM 2.2\AADD\navidad25_rest\target\classes started by Alumno in C:\Users\Alumno\Desktop\DAM 2.2\AADD\navidad25_rest)
2026-02-16 12:22:13,656 [main] DEBUG e.c.navidad25_rest.Navidad25RestApplication - Running with Spring Boot v4.0.2, Spring v7.0.3
2026-02-16 12:22:13,657 [main] INFO  e.c.navidad25_rest.Navidad25RestApplication - No active profile set, falling back to 1 default profile: "default"
2026-02-16 12:22:14,286 [main] INFO  o.s.d.r.config.RepositoryConfigurationDelegate - Bootstrapping Spring Data JPA repositories in DEFAULT mode.
2026-02-16 12:22:14,355 [main] INFO  o.s.d.r.config.RepositoryConfigurationDelegate - Finished Spring Data repository scanning in 57 ms. Found 2 JPA repository interfaces.
2026-02-16 12:22:14,852 [main] INFO  org.springframework.boot.tomcat.TomcatWebServer - Tomcat initialized with port 8080 (http)
2026-02-16 12:22:14,866 [main] INFO  org.apache.coyote.http11.Http11NioProtocol - Initializing ProtocolHandler ["http-nio-8080"]
2026-02-16 12:22:14,869 [main] INFO  org.apache.catalina.core.StandardService - Starting service [Tomcat]
2026-02-16 12:22:14,870 [main] INFO  org.apache.catalina.core.StandardEngine  - Starting Servlet engine: [Apache Tomcat/11.0.15]
2026-02-16 12:22:14,933 [main] INFO  o.s.b.w.c.servlet.WebApplicationContextInitializer - Root WebApplicationContext: initialization completed in 1216 ms
2026-02-16 12:22:15,102 [main] INFO  org.hibernate.orm.jpa                    - HHH008540: Processing PersistenceUnitInfo [name: default]
2026-02-16 12:22:15,156 [main] INFO  org.hibernate.orm.core                   - HHH000001: Hibernate ORM core version 7.2.1.Final
2026-02-16 12:22:15,584 [main] INFO  o.s.o.j.persistenceunit.SpringPersistenceUnitInfo - No LoadTimeWeaver setup: ignoring JPA class transformer
2026-02-16 12:22:15,621 [main] INFO  com.zaxxer.hikari.HikariDataSource       - HikariPool-1 - Starting...
2026-02-16 12:22:15,721 [main] INFO  com.zaxxer.hikari.pool.HikariPool        - HikariPool-1 - Added connection org.mariadb.jdbc.Connection@4e951fb1
2026-02-16 12:22:15,723 [main] INFO  com.zaxxer.hikari.HikariDataSource       - HikariPool-1 - Start completed.
2026-02-16 12:22:15,784 [main] INFO  org.hibernate.orm.connections.pooling    - HHH10001005: Database info:
	Database JDBC URL [jdbc:mariadb://localhost:3307/navidad25?user=root]
	Database driver: MariaDB Connector/J
	Database dialect: MariaDBDialect
	Database version: 12.1.2
	Default catalog/schema: navidad25/undefined
	Autocommit mode: undefined/unknown
	Isolation level: REPEATABLE_READ [default REPEATABLE_READ]
	JDBC fetch size: none
	Pool: DataSourceConnectionProvider
	Minimum pool size: undefined/unknown
	Maximum pool size: undefined/unknown
2026-02-16 12:22:16,522 [main] INFO  org.hibernate.orm.core                   - HHH000489: No JTA platform available (set 'hibernate.transaction.jta.platform' to enable JTA platform integration)
2026-02-16 12:22:16,528 [main] INFO  o.s.orm.jpa.LocalContainerEntityManagerFactoryBean - Initialized JPA EntityManagerFactory for persistence unit 'default'
2026-02-16 12:22:16,614 [main] INFO  o.s.d.jpa.repository.query.QueryEnhancerFactories - Hibernate is in classpath; If applicable, HQL parser will be used.
2026-02-16 12:22:17,281 [main] WARN  o.s.b.j.a.JpaBaseConfiguration$JpaWebConfiguration - spring.jpa.open-in-view is enabled by default. Therefore, database queries may be performed during view rendering. Explicitly configure spring.jpa.open-in-view to disable this warning
2026-02-16 12:22:17,545 [main] INFO  org.apache.coyote.http11.Http11NioProtocol - Starting ProtocolHandler ["http-nio-8080"]
2026-02-16 12:22:17,574 [main] INFO  org.springframework.boot.tomcat.TomcatWebServer - Tomcat started on port 8080 (http) with context path '/'
2026-02-16 12:22:17,579 [main] INFO  e.c.navidad25_rest.Navidad25RestApplication - Started Navidad25RestApplication in 4.349 seconds (process running for 4.922)
2026-02-16 12:22:36,860 [http-nio-8080-exec-1] INFO  o.a.c.core.ContainerBase.[Tomcat].[localhost].[/] - Initializing Spring DispatcherServlet 'dispatcherServlet'
2026-02-16 12:22:36,860 [http-nio-8080-exec-1] INFO  org.springframework.web.servlet.DispatcherServlet - Initializing Servlet 'dispatcherServlet'
2026-02-16 12:22:36,861 [http-nio-8080-exec-1] INFO  org.springframework.web.servlet.DispatcherServlet - Completed initialization in 1 ms
2026-02-16 12:22:36,972 [http-nio-8080-exec-1] DEBUG org.hibernate.SQL                        - 
    select
        n1_0.id_nino,
        n1_0.comportamiento,
        n1_0.nombre 
    from
        ninos n1_0
2026-02-16 12:22:37,040 [http-nio-8080-exec-1] DEBUG org.hibernate.SQL                        - 
    select
        cpn1_0.id_nino,
        cpn1_0.id_carta,
        cpn1_0.contenido,
        cpn1_0.fecha 
    from
        cartas cpn1_0 
    where
        cpn1_0.id_nino=?
2026-02-16 12:22:37,041 [http-nio-8080-exec-1] TRACE org.hibernate.orm.jdbc.bind              - binding parameter (1:BIGINT) <- [6]
2026-02-16 12:22:37,049 [http-nio-8080-exec-1] DEBUG org.hibernate.SQL                        - 
    select
        cpn1_0.id_nino,
        cpn1_0.id_carta,
        cpn1_0.contenido,
        cpn1_0.fecha 
    from
        cartas cpn1_0 
    where
        cpn1_0.id_nino=?
2026-02-16 12:22:37,050 [http-nio-8080-exec-1] TRACE org.hibernate.orm.jdbc.bind              - binding parameter (1:BIGINT) <- [5]
2026-02-16 12:22:37,051 [http-nio-8080-exec-1] DEBUG org.hibernate.SQL                        - 
    select
        cpn1_0.id_nino,
        cpn1_0.id_carta,
        cpn1_0.contenido,
        cpn1_0.fecha 
    from
        cartas cpn1_0 
    where
        cpn1_0.id_nino=?
2026-02-16 12:22:37,052 [http-nio-8080-exec-1] TRACE org.hibernate.orm.jdbc.bind              - binding parameter (1:BIGINT) <- [4]
2026-02-16 12:22:37,054 [http-nio-8080-exec-1] DEBUG org.hibernate.SQL                        - 
    select
        cpn1_0.id_nino,
        cpn1_0.id_carta,
        cpn1_0.contenido,
        cpn1_0.fecha 
    from
        cartas cpn1_0 
    where
        cpn1_0.id_nino=?
2026-02-16 12:22:37,056 [http-nio-8080-exec-1] TRACE org.hibernate.orm.jdbc.bind              - binding parameter (1:BIGINT) <- [3]
2026-02-16 12:22:37,057 [http-nio-8080-exec-1] DEBUG org.hibernate.SQL                        - 
    select
        cpn1_0.id_nino,
        cpn1_0.id_carta,
        cpn1_0.contenido,
        cpn1_0.fecha 
    from
        cartas cpn1_0 
    where
        cpn1_0.id_nino=?
2026-02-16 12:22:37,058 [http-nio-8080-exec-1] TRACE org.hibernate.orm.jdbc.bind              - binding parameter (1:BIGINT) <- [2]
2026-02-16 12:22:37,059 [http-nio-8080-exec-1] DEBUG org.hibernate.SQL                        - 
    select
        cpn1_0.id_nino,
        cpn1_0.id_carta,
        cpn1_0.contenido,
        cpn1_0.fecha 
    from
        cartas cpn1_0 
    where
        cpn1_0.id_nino=?
2026-02-16 12:22:37,060 [http-nio-8080-exec-1] TRACE org.hibernate.orm.jdbc.bind              - binding parameter (1:BIGINT) <- [1]
2026-02-16 12:22:37,065 [http-nio-8080-exec-1] DEBUG e.c.navidad25_rest.controller.NinoControler - Peticion GET /api/v1/ninos - Recuperar todos los ninos [6]
