2026-01-16 13:51:29,586 [main] DEBUG org.jboss.logging                        - Logging Provider: org.jboss.logging.Slf4jLoggerProvider
2026-01-16 13:51:29,855 [main] INFO  org.hibernate.orm.jpa                    - HHH008540: Processing PersistenceUnitInfo [name: PersistenciaInstituto]
2026-01-16 13:51:29,906 [main] INFO  org.hibernate.orm.core                   - HHH000001: Hibernate ORM core version 7.2.0.Final
2026-01-16 13:51:30,459 [main] INFO  org.hibernate.orm.connections.pooling    - HHH10001005: Database info:
	Database JDBC URL [jdbc:h2:./data/instituto;AUTO_SERVER=TRUE]
	Database driver: H2 JDBC Driver
	Database dialect: H2Dialect
	Database version: 2.4.240
	Default catalog/schema: INSTITUTO/PUBLIC
	Autocommit mode: true
	Isolation level: READ_COMMITTED
	JDBC fetch size: 100
	Pool: HikariCPConnectionProvider
	Minimum pool size: 2
	Maximum pool size: 5
2026-01-16 13:51:31,442 [main] INFO  org.hibernate.orm.core                   - HHH000489: No JTA platform available (set 'hibernate.transaction.jta.platform' to enable JTA platform integration)
2026-01-16 13:51:31,465 [main] DEBUG org.hibernate.SQL                        - 
    [34mdrop[0m [34mtable[0m [34mif[0m [34mexists[0m alumno [34mcascade[0m 
2026-01-16 13:51:31,477 [main] DEBUG org.hibernate.SQL                        - 
    [34mcreate[0m [34mtable[0m alumno (
        id [34mbigint[0m generated [34mby[0m [34mdefault[0m [34mas[0m [34midentity[0m,
        correoElectronico [34mvarchar[0m(255) [34munique[0m,
        nombre [34mvarchar[0m(255) [34mnot[0m [34mnull[0m,
        [34mprimary[0m [34mkey[0m (id)
    )
2026-01-16 13:56:33,857 [main] DEBUG org.jboss.logging                        - Logging Provider: org.jboss.logging.Slf4jLoggerProvider
2026-01-16 13:56:34,047 [main] INFO  org.hibernate.orm.jpa                    - HHH008540: Processing PersistenceUnitInfo [name: PersistenciaInstituto]
2026-01-16 13:56:34,097 [main] INFO  org.hibernate.orm.core                   - HHH000001: Hibernate ORM core version 7.2.0.Final
2026-01-16 13:56:34,671 [main] INFO  org.hibernate.orm.connections.pooling    - HHH10001005: Database info:
	Database JDBC URL [jdbc:h2:./data/instituto;AUTO_SERVER=TRUE]
	Database driver: H2 JDBC Driver
	Database dialect: H2Dialect
	Database version: 2.4.240
	Default catalog/schema: INSTITUTO/PUBLIC
	Autocommit mode: true
	Isolation level: READ_COMMITTED
	JDBC fetch size: 100
	Pool: HikariCPConnectionProvider
	Minimum pool size: 2
	Maximum pool size: 5
2026-01-16 13:56:35,849 [main] INFO  org.hibernate.orm.core                   - HHH000489: No JTA platform available (set 'hibernate.transaction.jta.platform' to enable JTA platform integration)
2026-01-16 13:56:35,874 [main] DEBUG org.hibernate.SQL                        - 
    [34mdrop[0m [34mtable[0m [34mif[0m [34mexists[0m alumno [34mcascade[0m 
2026-01-16 13:56:35,882 [main] DEBUG org.hibernate.SQL                        - 
    [34mcreate[0m [34mtable[0m alumno (
        id [34mbigint[0m generated [34mby[0m [34mdefault[0m [34mas[0m [34midentity[0m,
        correoElectronico [34mvarchar[0m(255) [34munique[0m,
        nombre [34mvarchar[0m(255) [34mnot[0m [34mnull[0m,
        [34mprimary[0m [34mkey[0m (id)
    )
2026-01-16 13:56:35,953 [main] DEBUG org.hibernate.SQL                        - 
    [34minsert[0m 
    [34minto[0m
        alumno
        (correoElectronico, nombre, id) 
    [34mvalues[0m
        (?, ?, [34mdefault[0m)
2026-01-16 13:56:35,959 [main] TRACE org.hibernate.orm.jdbc.bind              - binding parameter (1:VARCHAR) <- [juan_._dos@ciudadescolar.es]
2026-01-16 13:56:35,960 [main] TRACE org.hibernate.orm.jdbc.bind              - binding parameter (2:VARCHAR) <- [Juan]
2026-01-16 13:56:35,990 [main] DEBUG es.ciudadescolar.Main                    - la instancia de alumno pasa a estar administrada o persistente
2026-01-16 13:56:36,009 [main] DEBUG es.ciudadescolar.Main                    - El estado de la instancia se ha guardado en la DB
2026-01-16 13:56:36,011 [main] DEBUG es.ciudadescolar.Main                    - Se ha cerrado la conexion en la DB
2026-01-16 13:56:36,017 [main] DEBUG es.ciudadescolar.Main                    - Se ha cerrado el pull de conexiones con la DB
2026-01-16 14:05:35,392 [main] DEBUG org.jboss.logging                        - Logging Provider: org.jboss.logging.Slf4jLoggerProvider
2026-01-16 14:05:35,578 [main] INFO  org.hibernate.orm.jpa                    - HHH008540: Processing PersistenceUnitInfo [name: PersistenciaInstituto]
2026-01-16 14:05:35,627 [main] INFO  org.hibernate.orm.core                   - HHH000001: Hibernate ORM core version 7.2.0.Final
2026-01-16 14:05:36,225 [main] INFO  org.hibernate.orm.connections.pooling    - HHH10001005: Database info:
	Database JDBC URL [jdbc:h2:./data/instituto;AUTO_SERVER=TRUE]
	Database driver: H2 JDBC Driver
	Database dialect: H2Dialect
	Database version: 2.4.240
	Default catalog/schema: INSTITUTO/PUBLIC
	Autocommit mode: true
	Isolation level: READ_COMMITTED
	JDBC fetch size: 100
	Pool: HikariCPConnectionProvider
	Minimum pool size: 2
	Maximum pool size: 5
2026-01-16 14:05:37,226 [main] INFO  org.hibernate.orm.core                   - HHH000489: No JTA platform available (set 'hibernate.transaction.jta.platform' to enable JTA platform integration)
2026-01-16 14:05:37,254 [main] DEBUG org.hibernate.SQL                        - 
    [34mdrop[0m [34mtable[0m [34mif[0m [34mexists[0m alumno [34mcascade[0m 
2026-01-16 14:05:37,262 [main] DEBUG org.hibernate.SQL                        - 
    [34mcreate[0m [34mtable[0m alumno (
        id [34mbigint[0m generated [34mby[0m [34mdefault[0m [34mas[0m [34midentity[0m,
        correoElectronico [34mvarchar[0m(255) [34munique[0m,
        nombre [34mvarchar[0m(255) [34mnot[0m [34mnull[0m,
        [34mprimary[0m [34mkey[0m (id)
    )
2026-01-16 14:05:37,332 [main] DEBUG org.hibernate.SQL                        - 
    [34minsert[0m 
    [34minto[0m
        alumno
        (correoElectronico, nombre, id) 
    [34mvalues[0m
        (?, ?, [34mdefault[0m)
2026-01-16 14:05:37,340 [main] TRACE org.hibernate.orm.jdbc.bind              - binding parameter (1:VARCHAR) <- [juan_._dos@ciudadescolar.es]
2026-01-16 14:05:37,341 [main] TRACE org.hibernate.orm.jdbc.bind              - binding parameter (2:VARCHAR) <- [Juan]
2026-01-16 14:05:37,368 [main] DEBUG es.ciudadescolar.Main                    - la instancia de alumno pasa a estar administrada o persistente
2026-01-16 14:05:37,378 [main] DEBUG es.ciudadescolar.Main                    - El estado de la instancia se ha guardado en la DB
2026-01-16 14:05:37,379 [main] DEBUG es.ciudadescolar.Main                    - Se ha cerrado la conexion en la DB
2026-01-16 14:05:37,385 [main] DEBUG es.ciudadescolar.Main                    - Se ha cerrado el pull de conexiones con la DB
2026-01-16 14:06:10,376 [main] DEBUG org.jboss.logging                        - Logging Provider: org.jboss.logging.Slf4jLoggerProvider
2026-01-16 14:06:10,569 [main] INFO  org.hibernate.orm.jpa                    - HHH008540: Processing PersistenceUnitInfo [name: PersistenciaInstituto]
2026-01-16 14:06:10,616 [main] INFO  org.hibernate.orm.core                   - HHH000001: Hibernate ORM core version 7.2.0.Final
2026-01-16 14:06:11,161 [main] INFO  org.hibernate.orm.connections.pooling    - HHH10001005: Database info:
	Database JDBC URL [jdbc:h2:./data/instituto;AUTO_SERVER=TRUE]
	Database driver: H2 JDBC Driver
	Database dialect: H2Dialect
	Database version: 2.4.240
	Default catalog/schema: INSTITUTO/PUBLIC
	Autocommit mode: true
	Isolation level: READ_COMMITTED
	JDBC fetch size: 100
	Pool: HikariCPConnectionProvider
	Minimum pool size: 2
	Maximum pool size: 5
2026-01-16 14:06:12,100 [main] INFO  org.hibernate.orm.core                   - HHH000489: No JTA platform available (set 'hibernate.transaction.jta.platform' to enable JTA platform integration)
2026-01-16 14:06:12,121 [main] DEBUG org.hibernate.SQL                        - 
    [34mdrop[0m [34mtable[0m [34mif[0m [34mexists[0m alumno [34mcascade[0m 
2026-01-16 14:06:12,129 [main] DEBUG org.hibernate.SQL                        - 
    [34mcreate[0m [34mtable[0m alumno (
        id [34mbigint[0m generated [34mby[0m [34mdefault[0m [34mas[0m [34midentity[0m,
        correoElectronico [34mvarchar[0m(255) [34munique[0m,
        nombre [34mvarchar[0m(255) [34mnot[0m [34mnull[0m,
        [34mprimary[0m [34mkey[0m (id)
    )
2026-01-16 14:06:12,198 [main] DEBUG org.hibernate.SQL                        - 
    [34minsert[0m 
    [34minto[0m
        alumno
        (correoElectronico, nombre, id) 
    [34mvalues[0m
        (?, ?, [34mdefault[0m)
2026-01-16 14:06:12,203 [main] TRACE org.hibernate.orm.jdbc.bind              - binding parameter (1:VARCHAR) <- [juan_._dos@ciudadescolar.es]
2026-01-16 14:06:12,203 [main] TRACE org.hibernate.orm.jdbc.bind              - binding parameter (2:VARCHAR) <- [Juan]
2026-01-16 14:06:12,230 [main] DEBUG es.ciudadescolar.Main                    - la instancia de alumno pasa a estar administrada o persistente
2026-01-16 14:06:12,241 [main] DEBUG es.ciudadescolar.Main                    - El estado de la instancia se ha guardado en la DB
2026-01-16 14:06:12,242 [main] DEBUG es.ciudadescolar.Main                    - Se ha cerrado la conexion en la DB
2026-01-16 14:06:12,247 [main] DEBUG es.ciudadescolar.Main                    - Se ha cerrado el pull de conexiones con la DB
2026-01-16 14:08:06,327 [main] DEBUG org.jboss.logging                        - Logging Provider: org.jboss.logging.Slf4jLoggerProvider
2026-01-16 14:08:06,511 [main] INFO  org.hibernate.orm.jpa                    - HHH008540: Processing PersistenceUnitInfo [name: PersistenciaInstituto]
2026-01-16 14:08:06,559 [main] INFO  org.hibernate.orm.core                   - HHH000001: Hibernate ORM core version 7.2.0.Final
2026-01-16 14:08:07,145 [main] INFO  org.hibernate.orm.connections.pooling    - HHH10001005: Database info:
	Database JDBC URL [jdbc:h2:./data/instituto;AUTO_SERVER=TRUE]
	Database driver: H2 JDBC Driver
	Database dialect: H2Dialect
	Database version: 2.4.240
	Default catalog/schema: INSTITUTO/PUBLIC
	Autocommit mode: true
	Isolation level: READ_COMMITTED
	JDBC fetch size: 100
	Pool: HikariCPConnectionProvider
	Minimum pool size: 2
	Maximum pool size: 5
2026-01-16 14:08:08,195 [main] INFO  org.hibernate.orm.core                   - HHH000489: No JTA platform available (set 'hibernate.transaction.jta.platform' to enable JTA platform integration)
2026-01-16 14:08:08,225 [main] DEBUG org.hibernate.SQL                        - 
    [34mdrop[0m [34mtable[0m [34mif[0m [34mexists[0m alumno [34mcascade[0m 
2026-01-16 14:08:08,240 [main] DEBUG org.hibernate.SQL                        - 
    [34mcreate[0m [34mtable[0m alumno (
        id [34mbigint[0m generated [34mby[0m [34mdefault[0m [34mas[0m [34midentity[0m,
        correoElectronico [34mvarchar[0m(255) [34munique[0m,
        nombre [34mvarchar[0m(255) [34mnot[0m [34mnull[0m,
        [34mprimary[0m [34mkey[0m (id)
    )
2026-01-16 14:08:08,318 [main] DEBUG org.hibernate.SQL                        - 
    [34minsert[0m 
    [34minto[0m
        alumno
        (correoElectronico, nombre, id) 
    [34mvalues[0m
        (?, ?, [34mdefault[0m)
2026-01-16 14:08:08,323 [main] TRACE org.hibernate.orm.jdbc.bind              - binding parameter (1:VARCHAR) <- [juan_._dos@ciudadescolar.es]
2026-01-16 14:08:08,324 [main] TRACE org.hibernate.orm.jdbc.bind              - binding parameter (2:VARCHAR) <- [Juan]
2026-01-16 14:08:08,352 [main] DEBUG es.ciudadescolar.Main                    - la instancia de alumno pasa a estar administrada o persistente
2026-01-16 14:08:08,364 [main] DEBUG es.ciudadescolar.Main                    - El estado de la instancia se ha guardado en la DB
2026-01-16 14:08:08,365 [main] DEBUG es.ciudadescolar.Main                    - Se ha cerrado la conexion en la DB
2026-01-16 14:08:08,372 [main] DEBUG es.ciudadescolar.Main                    - Se ha cerrado el pull de conexiones con la DB
